# JRE version: OpenJDK Runtime Environment (20.0.1+9) (build 20.0.1+9-29)
# Java VM: OpenJDK 64-Bit Server VM (20.0.1+9-29, mixed mode, emulated-client, sharing, tiered, compressed oops, compressed class ptrs, g1 gc, windows-amd64)
GC Precious Log:
 CardTable entry size: 512
 Card Set container configuration: InlinePtr #cards 4 size 8 Array Of Cards #cards 32 size 80 Howl #buckets 8 coarsen threshold 7372 Howl Bitmap #cards 1024 size 144 coarsen threshold 921 Card regions per heap region 1 cards per card region 8192
 CPUs: 16 total, 16 available
 Memory: 32620M
 Large Page Support: Disabled
 NUMA Support: Disabled
 Compressed Oops: Enabled (Zero based)
 Heap Region Size: 4M
 Heap Min Capacity: 8M
 Heap Initial Capacity: 512M
 Heap Max Capacity: 8156M
 Pre-touch: Disabled
 Parallel Workers: 13
 Concurrent Workers: 3
 Concurrent Refinement Workers: 13
 Periodic GC: Disabled
Heap:
 garbage-first heap   total 430080K, used 347718K [0x0000000602400000, 0x0000000800000000)
  region size 4096K, 37 young (151552K), 6 survivors (24576K)
 Metaspace       used 87578K, committed 88448K, reserved 1179648K
  class space    used 11177K, committed 11584K, reserved 1048576K
GC Heap History (20 events):
Event: 16.773 GC heap before
{Heap before GC invocations=26 (full 0):
 garbage-first heap   total 245760K, used 192512K [0x0000000602400000, 0x0000000800000000)
  region size 4096K, 20 young (81920K), 4 survivors (16384K)
 Metaspace       used 83930K, committed 84736K, reserved 1179648K
  class space    used 10583K, committed 10944K, reserved 1048576K
}
Event: 16.779 GC heap after
{Heap after GC invocations=27 (full 0):
 garbage-first heap   total 245760K, used 140757K [0x0000000602400000, 0x0000000800000000)
  region size 4096K, 2 young (8192K), 2 survivors (8192K)
 Metaspace       used 83930K, committed 84736K, reserved 1179648K
  class space    used 10583K, committed 10944K, reserved 1048576K
}
Event: 16.907 GC heap before
{Heap before GC invocations=28 (full 0):
 garbage-first heap   total 303104K, used 206293K [0x0000000602400000, 0x0000000800000000)
  region size 4096K, 18 young (73728K), 2 survivors (8192K)
 Metaspace       used 83930K, committed 84736K, reserved 1179648K
  class space    used 10583K, committed 10944K, reserved 1048576K
}
Event: 16.912 GC heap after
{Heap after GC invocations=29 (full 0):
 garbage-first heap   total 303104K, used 141742K [0x0000000602400000, 0x0000000800000000)
  region size 4096K, 2 young (8192K), 2 survivors (8192K)
 Metaspace       used 83930K, committed 84736K, reserved 1179648K
  class space    used 10583K, committed 10944K, reserved 1048576K
}
Event: 17.063 GC heap before
{Heap before GC invocations=29 (full 0):
 garbage-first heap   total 303104K, used 252334K [0x0000000602400000, 0x0000000800000000)
  region size 4096K, 29 young (118784K), 2 survivors (8192K)
 Metaspace       used 83930K, committed 84736K, reserved 1179648K
  class space    used 10583K, committed 10944K, reserved 1048576K
}
Event: 17.068 GC heap after
{Heap after GC invocations=30 (full 0):
 garbage-first heap   total 303104K, used 147729K [0x0000000602400000, 0x0000000800000000)
  region size 4096K, 4 young (16384K), 4 survivors (16384K)
 Metaspace       used 83930K, committed 84736K, reserved 1179648K
  class space    used 10583K, committed 10944K, reserved 1048576K
}
Event: 17.175 GC heap before
{Heap before GC invocations=30 (full 0):
 garbage-first heap   total 303104K, used 237841K [0x0000000602400000, 0x0000000800000000)
  region size 4096K, 27 young (110592K), 4 survivors (16384K)
 Metaspace       used 83930K, committed 84736K, reserved 1179648K
  class space    used 10583K, committed 10944K, reserved 1048576K
}
Event: 17.179 GC heap after
{Heap after GC invocations=31 (full 0):
 garbage-first heap   total 303104K, used 148676K [0x0000000602400000, 0x0000000800000000)
  region size 4096K, 2 young (8192K), 2 survivors (8192K)
 Metaspace       used 83930K, committed 84736K, reserved 1179648K
  class space    used 10583K, committed 10944K, reserved 1048576K
}
Event: 17.358 GC heap before
{Heap before GC invocations=32 (full 0):
 garbage-first heap   total 307200K, used 263364K [0x0000000602400000, 0x0000000800000000)
  region size 4096K, 30 young (122880K), 2 survivors (8192K)
 Metaspace       used 83897K, committed 84736K, reserved 1179648K
  class space    used 10573K, committed 10944K, reserved 1048576K
}
Event: 17.360 GC heap after
{Heap after GC invocations=33 (full 0):
 garbage-first heap   total 307200K, used 153935K [0x0000000602400000, 0x0000000800000000)
  region size 4096K, 3 young (12288K), 3 survivors (12288K)
 Metaspace       used 83897K, committed 84736K, reserved 1179648K
  class space    used 10573K, committed 10944K, reserved 1048576K
}
Event: 17.527 GC heap before
{Heap before GC invocations=33 (full 0):
 garbage-first heap   total 307200K, used 268623K [0x0000000602400000, 0x0000000800000000)
  region size 4096K, 32 young (131072K), 3 survivors (12288K)
 Metaspace       used 83897K, committed 84736K, reserved 1179648K
  class space    used 10573K, committed 10944K, reserved 1048576K
}
Event: 17.533 GC heap after
{Heap after GC invocations=34 (full 0):
 garbage-first heap   total 307200K, used 154574K [0x0000000602400000, 0x0000000800000000)
  region size 4096K, 3 young (12288K), 3 survivors (12288K)
 Metaspace       used 83897K, committed 84736K, reserved 1179648K
  class space    used 10573K, committed 10944K, reserved 1048576K
}
Event: 17.681 GC heap before
{Heap before GC invocations=34 (full 0):
 garbage-first heap   total 307200K, used 175054K [0x0000000602400000, 0x0000000800000000)
  region size 4096K, 9 young (36864K), 3 survivors (12288K)
 Metaspace       used 85529K, committed 86272K, reserved 1179648K
  class space    used 10860K, committed 11200K, reserved 1048576K
}
Event: 17.685 GC heap after
{Heap after GC invocations=35 (full 0):
 garbage-first heap   total 307200K, used 163234K [0x0000000602400000, 0x0000000800000000)
  region size 4096K, 4 young (16384K), 4 survivors (16384K)
 Metaspace       used 85529K, committed 86272K, reserved 1179648K
  class space    used 10860K, committed 11200K, reserved 1048576K
}
Event: 17.915 GC heap before
{Heap before GC invocations=36 (full 0):
 garbage-first heap   total 323584K, used 273826K [0x0000000602400000, 0x0000000800000000)
  region size 4096K, 29 young (118784K), 4 survivors (16384K)
 Metaspace       used 85606K, committed 86400K, reserved 1179648K
  class space    used 10873K, committed 11264K, reserved 1048576K
}
Event: 17.922 GC heap after
{Heap after GC invocations=37 (full 0):
 garbage-first heap   total 323584K, used 185513K [0x0000000602400000, 0x0000000800000000)
  region size 4096K, 4 young (16384K), 4 survivors (16384K)
 Metaspace       used 85606K, committed 86400K, reserved 1179648K
  class space    used 10873K, committed 11264K, reserved 1048576K
}
Event: 18.047 GC heap before
{Heap before GC invocations=37 (full 0):
 garbage-first heap   total 323584K, used 283817K [0x0000000602400000, 0x0000000800000000)
  region size 4096K, 28 young (114688K), 4 survivors (16384K)
 Metaspace       used 85614K, committed 86400K, reserved 1179648K
  class space    used 10873K, committed 11264K, reserved 1048576K
}
Event: 18.056 GC heap after
{Heap after GC invocations=38 (full 0):
 garbage-first heap   total 430080K, used 195009K [0x0000000602400000, 0x0000000800000000)
  region size 4096K, 4 young (16384K), 4 survivors (16384K)
 Metaspace       used 85614K, committed 86400K, reserved 1179648K
  class space    used 10873K, committed 11264K, reserved 1048576K
}
Event: 18.437 GC heap before
{Heap before GC invocations=38 (full 0):
 garbage-first heap   total 430080K, used 375233K [0x0000000602400000, 0x0000000800000000)
  region size 4096K, 48 young (196608K), 4 survivors (16384K)
 Metaspace       used 85619K, committed 86400K, reserved 1179648K
  class space    used 10873K, committed 11264K, reserved 1048576K
}
Event: 18.449 GC heap after
{Heap after GC invocations=39 (full 0):
 garbage-first heap   total 430080K, used 224838K [0x0000000602400000, 0x0000000800000000)
  region size 4096K, 6 young (24576K), 6 survivors (24576K)
 Metaspace       used 85619K, committed 86400K, reserved 1179648K
  class space    used 10873K, committed 11264K, reserved 1048576K
}

